make all --print-data-base --no-builtin-variables --no-builtin-rules --question
make: *** No rule to make target 'all'.  Stop.

# GNU Make 4.2.1
# Built for x86_64-pc-linux-gnu
# Copyright (C) 1988-2016 Free Software Foundation, Inc.
# License GPLv3+: GNU GPL version 3 or later <http://gnu.org/licenses/gpl.html>
# This is free software: you are free to change and redistribute it.
# There is NO WARRANTY, to the extent permitted by law.

# Make data base, printed on Tue May 31 20:11:56 2022

# Variables

# 'override' directive
GNUMAKEFLAGS := 
# automatic
<D = $(patsubst %/,%,$(dir $<))
# automatic
?F = $(notdir $?)
# environment
DESKTOP_SESSION = ubuntu
# default
.SHELLFLAGS := -c
# environment
XDG_SESSION_CLASS = user
# environment
XDG_SESSION_TYPE = x11
# environment
VSCODE_LOG_NATIVE = false
# automatic
?D = $(patsubst %/,%,$(dir $?))
# environment
IM_CONFIG_PHASE = 1
# automatic
@D = $(patsubst %/,%,$(dir $@))
# environment
XAUTHORITY = /run/user/1000/gdm/Xauthority
# environment
GDMSESSION = ubuntu
# environment
XMODIFIERS = @im=ibus
# makefile
CURDIR := /home/mb/Documentos/hpc2/Projeto/Ising2D/ising
# makefile
SHELL = /bin/sh
# environment
VSCODE_NLS_CONFIG = {"locale":"pt-br","availableLanguages":{"*":"pt-br"},"_languagePackId":"74ce6549a467d1dfaba55fb5394742c9.pt-br","_translationsConfigFile":"/home/mb/.config/Code/clp/74ce6549a467d1dfaba55fb5394742c9.pt-br/tcf.json","_cacheRoot":"/home/mb/.config/Code/clp/74ce6549a467d1dfaba55fb5394742c9.pt-br","_resolvedLanguagePackCoreLocation":"/home/mb/.config/Code/clp/74ce6549a467d1dfaba55fb5394742c9.pt-br/c3511e6c69bb39013c4a4b7b9566ec1ca73fc4d5","_corruptedFile":"/home/mb/.config/Code/clp/74ce6549a467d1dfaba55fb5394742c9.pt-br/corrupted.info","_languagePackSupport":true}
# environment
_ = /usr/share/code/code
# makefile (from 'Makefile', line 3)
CFLAGS = -I. -O3 -w -fexpensive-optimizations -m64 -foptimize-register-move -funroll-loops -ffast-math -mtune=native -march=native
# environment
JOURNAL_STREAM = 8:37395
# environment
XDG_CONFIG_DIRS = /etc/xdg/xdg-ubuntu:/etc/xdg
# makefile (from 'Makefile', line 1)
MAKEFILE_LIST :=  Makefile
# automatic
@F = $(notdir $@)
# environment
GIO_LAUNCHED_DESKTOP_FILE = /usr/share/applications/code.desktop
# environment
USERNAME = mb
# environment
MANDATORY_PATH = /usr/share/gconf/ubuntu.mandatory.path
# environment
XDG_DATA_DIRS = /usr/share/ubuntu:/usr/local/share/:/usr/share/:/var/lib/snapd/desktop
# makefile (from 'Makefile', line 19)
_OBJS = $(_SRCS:.c=.o)
# environment
DBUS_SESSION_BUS_ADDRESS = unix:path=/run/user/1000/bus
# environment
VSCODE_VERBOSE_LOGGING = true
# makefile (from 'Makefile', line 20)
OBJS = $(patsubst %,$(ODIR)/%,$(_OBJS))
# environment
MANAGERPID = 1015
# environment
LESSOPEN = | /usr/bin/lesspipe %s
# environment
VSCODE_CWD = /home/mb
# default
MAKE_HOST := x86_64-pc-linux-gnu
# environment
PATH = /usr/local/sbin:/usr/local/bin:/usr/sbin:/usr/bin:/sbin:/bin:/usr/games:/usr/local/games:/snap/bin
# environment
GPG_AGENT_INFO = /run/user/1000/gnupg/S.gpg-agent:0:1
# environment
SESSION_MANAGER = local/mb:@/tmp/.ICE-unix/1301,unix/mb:/tmp/.ICE-unix/1301
# environment
XDG_RUNTIME_DIR = /run/user/1000
# makefile (from 'Makefile', line 13)
_SRCS = ising.c main.c
# environment
XDG_MENU_PREFIX = gnome-
# environment
VSCODE_LOG_STACK = false
# environment
ELECTRON_RUN_AS_NODE = 1
# environment
INVOCATION_ID = dd0aeae97de443d1a76f1c3c21758395
# default
.FEATURES := target-specific order-only second-expansion else-if shortest-stem undefine oneshell archives jobserver output-sync check-symlink load
# environment
LS_COLORS = 
# environment
XDG_SESSION_DESKTOP = ubuntu
# environment
SSH_AUTH_SOCK = /run/user/1000/keyring/ssh
# environment
GIO_LAUNCHED_DESKTOP_FILE_PID = 12289
# automatic
%F = $(notdir $%)
# makefile (from 'Makefile', line 16)
_DEPS = ising.h
# environment
DISPLAY = :0
# environment
VSCODE_PIPE_LOGGING = true
# environment
PWD = /home/mb/Documentos/hpc2/Projeto/Ising2D/ising
# makefile (from 'Makefile', line 10)
DDIR = data
# default
.LOADED := 
# environment
SSH_AGENT_PID = 1231
# environment
ORIGINAL_XDG_CURRENT_DESKTOP = ubuntu:GNOME
# environment
GTK_MODULES = gail:atk-bridge
# environment
VSCODE_AMD_ENTRYPOINT = vs/workbench/api/node/extensionHostProcess
# environment
HOME = /home/mb
# environment
LESSCLOSE = /usr/bin/lesspipe %s %s
# environment
VSCODE_CODE_CACHE_PATH = /home/mb/.config/Code/CachedData/c3511e6c69bb39013c4a4b7b9566ec1ca73fc4d5
# environment
LOGNAME = mb
# environment
APPLICATION_INSIGHTS_NO_DIAGNOSTIC_CHANNEL = 1
# environment
VSCODE_HANDLES_UNCAUGHT_ERRORS = true
# environment
GNOME_DESKTOP_SESSION_ID = this-is-deprecated
# automatic
^D = $(patsubst %/,%,$(dir $^))
# environment
MAKELEVEL := 0
# makefile (from 'Makefile', line 8)
LDIR = lib
# default
MAKE = $(MAKE_COMMAND)
# default
MAKECMDGOALS := all
# environment
QT_IM_MODULE = ibus
# makefile (from 'Makefile', line 14)
SRCS = $(patsubst %,$(SDIR)/%,$(_SRCS))
# environment
SHLVL = 0
# makefile (from 'Makefile', line 2)
CC = mpicc
# environment
GNOME_SHELL_SESSION_MODE = ubuntu
# makefile (from 'Makefile', line 9)
ODIR = obj
# environment
VSCODE_IPC_HOOK_EXTHOST = /run/user/1000/vscode-ipc-0538928f-bd25-4dfe-991e-6c301add9d07.sock
# default
MAKE_VERSION := 4.2.1
# environment
USER = mb
# makefile
.DEFAULT_GOAL := ising
# environment
XDG_CURRENT_DESKTOP = Unity
# automatic
%D = $(patsubst %/,%,$(dir $%))
# makefile (from 'Makefile', line 7)
SDIR = src
# default
MAKE_COMMAND := make
# default
.VARIABLES := 
# automatic
*F = $(notdir $*)
# environment
LANGUAGE = pt_BR:pt:en
# environment
VSCODE_IPC_HOOK = /run/user/1000/vscode-34e425a5-1.67.2-main.sock
# makefile
MAKEFLAGS = pqrR
# environment
MFLAGS = -pqrR
# automatic
*D = $(patsubst %/,%,$(dir $*))
# automatic
+D = $(patsubst %/,%,$(dir $+))
# environment
GDK_BACKEND = x11
# automatic
+F = $(notdir $+)
# environment
NO_AT_BRIDGE = 1
# environment
QT_ACCESSIBILITY = 1
# environment
DEFAULTS_PATH = /usr/share/gconf/ubuntu.default.path
# default
MAKEFILES := 
# automatic
<F = $(notdir $<)
# environment
LC_ALL = C
# environment
GJS_DEBUG_TOPICS = JS ERROR;JS LOG
# makefile (from 'Makefile', line 4)
LIBS = -lm
# automatic
^F = $(notdir $^)
# makefile (from 'Makefile', line 17)
DEPS = $(patsubst %,$(LDIR)/%,$(_DEPS))
# default
SUFFIXES := 
# environment
CHROME_DESKTOP = code-url-handler.desktop
# environment
WINDOWPATH = 2
# default
.INCLUDE_DIRS = /usr/include /usr/local/include /usr/include
# environment
GJS_DEBUG_OUTPUT = stderr
# default
.RECIPEPREFIX := 
# environment
LANG = C
# environment
VSCODE_PID = 12289
# variable set hash-table stats:
# Load=114/1024=11%, Rehash=0, Collisions=20/148=14%

# Pattern-specific Variable Values

# No pattern-specific variable values.

# Directories

# . (device 2052, inode 3541198): 11 files, no impossibilities.
# src (device 2052, inode 3544597): No files, no impossibilities so far.

# 11 files, no impossibilities in 2 directories.

# Implicit Rules

obj/%.o: src/%.c lib/ising.h
#  recipe to execute (from 'Makefile', line 23):
	$(CC) -c -o $@ $< $(CFLAGS) $(LIBS)

# 1 implicit rules, 0 (0.0%) terminal.

# Files

# Not a target:
all:
#  Command line target.
#  Implicit rule search has been done.
#  File does not exist.
#  File has not been updated.

# Not a target:
obj/ising.o:
#  Implicit rule search has not been done.
#  Modification time never checked.
#  File has not been updated.

.PHONY: clean
#  Implicit rule search has not been done.
#  Modification time never checked.
#  File has not been updated.

ising: obj/ising.o obj/main.o
#  Implicit rule search has not been done.
#  Modification time never checked.
#  File has not been updated.
#  recipe to execute (from 'Makefile', line 27):
	$(CC) -o $@ $^ $(CFLAGS) $(LIBS)

# Not a target:
obj/main.o:
#  Implicit rule search has not been done.
#  Modification time never checked.
#  File has not been updated.

# Not a target:
Makefile:
#  Implicit rule search has been done.
#  Last modified 2022-05-30 17:05:59.051803014
#  File has been updated.
 
#  Successfully updated.

# Not a target:
.DEFAULT:
#  Implicit rule search has not been done.
#  Modification time never checked.
#  File has not been updated.

clean:
#  Phony target (prerequisite of .PHONY).
#  Implicit rule search has not been done.
#  File does not exist.
#  File has not been updated.
#  recipe to execute (from 'Makefile', line 33):
	rm -f $(ODIR)/*.o $(DDIR)/data.out $(DDIR)/*.png *~ ising
	

# files hash-table stats:
# Load=9/1024=1%, Rehash=0, Collisions=0/23=0%
# VPATH Search Paths

# No 'vpath' search paths.

# No general ('VPATH' variable) search path.

# strcache buffers: 1 (0) / strings = 24 / storage = 186 B / avg = 7 B
# current buf: size = 8162 B / used = 186 B / count = 24 / avg = 7 B

# strcache performance: lookups = 33 / hit rate = 27%
# hash-table stats:
# Load=24/8192=0%, Rehash=0, Collisions=1/33=3%
# Finished Make data base on Tue May 31 20:11:56 2022

 
